<?xml version="1.0" encoding="UTF-8"?>
<!-- Generated by org.testng.reporters.JUnitReportReporter -->
<testsuite skipped="0" hostname="KAPIL-PC" name="com.ijmeet.testcases.SignInTest" tests="1" failures="0" timestamp="10 Sep 2020 13:33:34 GMT" time="27.650" errors="0">
  <testcase name="tc_001" time="27.650" classname="com.ijmeet.testcases.SignInTest"/>
</testsuite> <!-- com.ijmeet.testcases.SignInTest -->
