<?xml version="1.0" encoding="UTF-8"?>
<!-- Generated by org.testng.reporters.JUnitReportReporter -->
<<<<<<< HEAD
<testsuite skipped="0" hostname="KAPIL-PC" name="com.ijmeet.testcases.SignInTest" tests="1" failures="0" timestamp="09 Sep 2020 12:00:37 GMT" time="24.308" errors="0">
  <testcase name="tc_001" time="24.308" classname="com.ijmeet.testcases.SignInTest"/>
=======
<testsuite skipped="0" hostname="User" name="com.ijmeet.testcases.SignInTest" tests="1" failures="0" timestamp="27 Aug 2020 07:54:02 GMT" time="52.074" errors="0">
  <testcase name="tc_001" time="52.074" classname="com.ijmeet.testcases.SignInTest"/>
>>>>>>> 37d49c9cb2dbb9238b1cb4ad24499a970b745df1
</testsuite> <!-- com.ijmeet.testcases.SignInTest -->
