<?xml version="1.0" encoding="UTF-8"?>
<!-- Generated by org.testng.reporters.JUnitReportReporter -->
<testsuite skipped="3" hostname="KAPIL-PC" name="testRunner.TestRun" tests="3" failures="0" timestamp="08 Oct 2020 05:11:10 GMT" time="0.516" errors="0">
  <testcase name="runScenario" time="0.000" classname="testRunner.TestRun">
    <skipped/>
  </testcase> <!-- runScenario -->
  <testcase name="runScenario" time="0.499" classname="testRunner.TestRun">
    <skipped/>
  </testcase> <!-- runScenario -->
  <testcase name="runScenario" time="0.017" classname="testRunner.TestRun">
    <skipped/>
  </testcase> <!-- runScenario -->
</testsuite> <!-- testRunner.TestRun -->
